2020-12-11 15:35:21.729 [1] [INFO] Client QuoteStore 3.3
2020-12-11 15:35:21.730 [1] [INFO] ConnectPort : 5042
2020-12-11 15:35:21.730 [1] [INFO] ConnectionType : SecureSocket
2020-12-11 15:35:21.730 [1] [INFO] ServerCertificateName : CN=*.soft-fx.com
2020-12-11 15:35:21.730 [1] [INFO] ConnectMaxCount : -1
2020-12-11 15:35:21.730 [1] [INFO] ReconnectMaxCount : -1
2020-12-11 15:35:21.730 [1] [INFO] ConnectInterval : 10000
2020-12-11 15:35:21.730 [1] [INFO] ReconnectInterval : 10000
2020-12-11 15:35:21.730 [1] [INFO] HeartbeatInterval : 30000
2020-12-11 15:35:21.730 [1] [INFO] SendBufferSize : 20971520
2020-12-11 15:35:21.730 [1] [INFO] OptimizationType : Latency
2020-12-11 15:35:21.730 [1] [INFO] Log.Directory : Logs
2020-12-11 15:35:21.730 [1] [INFO] Log.Events : False
2020-12-11 15:35:21.730 [1] [INFO] Log.States : False
2020-12-11 15:35:21.730 [1] [INFO] Log.Messages : False
2020-12-11 15:35:21.746 [4] [INFO] Connecting to ttlive.fxopen.com:5042
2020-12-11 15:35:21.791 [4] [INFO] Connected with 10.2.7.14:55953
2020-12-11 15:35:21.804 [11] [INFO] Protocol Version: MajorVersion=3 MinorVersion=3
2020-12-11 15:35:21.804 [11] [INFO] ServerSessionGuid : 81b6b1ab-dd48-4ad8-a4d5-074804ea12b3
2020-12-11 15:35:23.803 [14] [INFO] Disconnected from ttlive.fxopen.com:5042
2020-12-11 15:35:23.807 [15] [INFO] Connecting to ttlive.fxopen.com:5042
